<?xml version="1.0" encoding="UTF-8"?>
<!-- Generated by org.testng.reporters.JUnitReportReporter -->
<testsuite skipped="0" hostname="DESKTOP-M6L880B" name="restassuredapi.GetDemo" tests="1" failures="0" timestamp="24 九月 2017 12:58:50 GMT" time="0.955" errors="0">
  <testcase name="test" time="0.955" classname="restassuredapi.GetDemo"/>
</testsuite> <!-- restassuredapi.GetDemo -->
