<?xml version="1.0" encoding="UTF-8"?>
<!-- Generated by org.testng.reporters.JUnitReportReporter -->
<testsuite skipped="0" hostname="DESKTOP-M6L880B" name="apitestcases.ZzkgApiCases" tests="2" failures="0" timestamp="26 九月 2017 14:41:44 GMT" time="1.250" errors="0">
  <testcase name="addGoodsToCart" time="0.668" classname="apitestcases.ZzkgApiCases"/>
  <testcase name="addGoodsToCart" time="0.582" classname="apitestcases.ZzkgApiCases"/>
</testsuite> <!-- apitestcases.ZzkgApiCases -->
