<?xml version="1.0" encoding="UTF-8"?>
<!-- Generated by org.testng.reporters.JUnitReportReporter -->
<testsuite skipped="0" hostname="DESKTOP-MB16O9P" name="optimize.base" tests="1" failures="0" timestamp="13 十一月 2017 02:47:15 GMT" time="0.005" errors="0">
  <testcase name="basetest" time="0.005" classname="optimize.base"/>
</testsuite> <!-- optimize.base -->
