<?xml version="1.0" encoding="UTF-8"?>
<!-- Generated by org.testng.reporters.JUnitReportReporter -->
<testsuite skipped="0" hostname="DESKTOP-MB16O9P" name="restassuredapi.GetDemo" tests="1" failures="0" timestamp="13 十一月 2017 01:50:39 GMT" time="1.445" errors="0">
  <testcase name="test" time="1.445" classname="restassuredapi.GetDemo"/>
</testsuite> <!-- restassuredapi.GetDemo -->
