<?xml version="1.0" encoding="UTF-8"?>
<!-- Generated by org.testng.reporters.JUnitReportReporter -->
<testsuite skipped="0" hostname="DESKTOP-M6L880B" name="restassuredapi.NewTest" tests="1" failures="0" timestamp="26 九月 2017 13:29:41 GMT" time="0.725" errors="0">
  <testcase name="test" time="0.725" classname="restassuredapi.NewTest"/>
</testsuite> <!-- restassuredapi.NewTest -->
