<?xml version="1.0" encoding="UTF-8"?>
<!-- Generated by org.testng.reporters.JUnitReportReporter -->
<testsuite skipped="0" hostname="DESKTOP-MB16O9P" name="restassuredapi.GetDemo" tests="1" failures="0" timestamp="25 九月 2017 02:55:22 GMT" time="1.089" errors="0">
  <testcase name="test" time="1.089" classname="restassuredapi.GetDemo"/>
</testsuite> <!-- restassuredapi.GetDemo -->
