<?xml version="1.0" encoding="UTF-8"?>
<!-- Generated by org.testng.reporters.JUnitReportReporter -->
<testsuite skipped="0" hostname="DESKTOP-M6L880B" name="restassuredapi.PostDemo" tests="1" failures="0" timestamp="24 九月 2017 14:00:25 GMT" time="1.111" errors="0">
  <testcase name="postJson" time="1.111" classname="restassuredapi.PostDemo"/>
</testsuite> <!-- restassuredapi.PostDemo -->
