<?xml version="1.0" encoding="UTF-8"?>
<!-- Generated by org.testng.reporters.JUnitReportReporter -->
<testsuite skipped="0" hostname="DESKTOP-M6L880B" name="apitestcases.ZzkgApiCases" tests="2" failures="0" timestamp="25 九月 2017 15:38:05 GMT" time="2.087" errors="0">
  <testcase name="addGoodsToCart" time="1.822" classname="apitestcases.ZzkgApiCases"/>
  <testcase name="addGoodsToCart" time="0.265" classname="apitestcases.ZzkgApiCases"/>
</testsuite> <!-- apitestcases.ZzkgApiCases -->
