<?xml version="1.0" encoding="UTF-8"?>
<!-- Generated by org.testng.reporters.JUnitReportReporter -->
<testsuite skipped="0" hostname="DESKTOP-M6L880B" name="restassuredapi.NewTest" tests="1" failures="0" timestamp="25 九月 2017 15:04:54 GMT" time="2.087" errors="0">
  <testcase name="test" time="2.087" classname="restassuredapi.NewTest"/>
</testsuite> <!-- restassuredapi.NewTest -->
