<?xml version="1.0" encoding="UTF-8"?>
<!-- Generated by org.testng.reporters.JUnitReportReporter -->
<testsuite skipped="0" hostname="DESKTOP-MB16O9P" name="apitestcases.ZzkgApiCases" tests="2" failures="0" timestamp="27 九月 2017 11:49:52 GMT" time="1.342" errors="0">
  <testcase name="addGoodsToCart" time="0.691" classname="apitestcases.ZzkgApiCases"/>
  <testcase name="addGoodsToCart" time="0.651" classname="apitestcases.ZzkgApiCases"/>
</testsuite> <!-- apitestcases.ZzkgApiCases -->
