<?xml version="1.0" encoding="UTF-8"?>
<!-- Generated by org.testng.reporters.JUnitReportReporter -->
<testsuite skipped="0" hostname="DESKTOP-MB16O9P" name="restassuredapi.NewTest" tests="1" failures="0" timestamp="25 九月 2017 08:41:25 GMT" time="2.062" errors="0">
  <testcase name="test" time="2.062" classname="restassuredapi.NewTest"/>
</testsuite> <!-- restassuredapi.NewTest -->
