<?xml version="1.0" encoding="UTF-8"?>
<!-- Generated by org.testng.reporters.JUnitReportReporter -->
<testsuite skipped="0" hostname="DESKTOP-MB16O9P" name="optimize.GetDemo" tests="1" failures="0" timestamp="13 十一月 2017 02:55:48 GMT" time="1.352" errors="0">
  <testcase name="getDemoTest" time="1.352" classname="optimize.GetDemo"/>
</testsuite> <!-- optimize.GetDemo -->
