<?xml version="1.0" encoding="UTF-8"?>
<!-- Generated by org.testng.reporters.JUnitReportReporter -->
<testsuite skipped="0" hostname="DESKTOP-MB16O9P" name="restassuredapi.PostDemo" tests="1" failures="0" timestamp="26 九月 2017 09:22:17 GMT" time="1.478" errors="0">
  <testcase name="postJson" time="1.478" classname="restassuredapi.PostDemo"/>
</testsuite> <!-- restassuredapi.PostDemo -->
