<?xml version="1.0" encoding="UTF-8"?>
<!-- Generated by org.testng.reporters.JUnitReportReporter -->
<testsuite skipped="0" hostname="DESKTOP-MB16O9P" name="restassuredapi.NewTest" tests="1" failures="0" timestamp="27 九月 2017 05:54:08 GMT" time="2.440" errors="0">
  <testcase name="test" time="2.440" classname="restassuredapi.NewTest"/>
</testsuite> <!-- restassuredapi.NewTest -->
